2022-04-06 00:13:06.969|[main]|INFO |c.n.b.BusinessApplication-Starting BusinessApplication using Java 1.8.0_322 on CommonRom-Laptop with PID 12812 (P:\JavaProject\NianNianProject\target\classes started by CommonRom in P:\JavaProject\NianNianProject)
2022-04-06 00:13:06.973|[main]|INFO |c.n.b.BusinessApplication-No active profile set, falling back to 1 default profile: "default"
2022-04-06 00:13:11.420|[main]|INFO |c.n.b.BusinessApplication-Started BusinessApplication in 5.198 seconds (JVM running for 6.512)
2022-04-06 00:15:48.290|[main]|INFO |c.n.b.BusinessApplication-Starting BusinessApplication using Java 1.8.0_322 on CommonRom-Laptop with PID 18524 (P:\JavaProject\NianNianProject\target\classes started by CommonRom in P:\JavaProject\NianNianProject)
2022-04-06 00:15:48.305|[main]|INFO |c.n.b.BusinessApplication-No active profile set, falling back to 1 default profile: "default"
2022-04-06 00:15:52.123|[main]|INFO |c.n.b.BusinessApplication-Started BusinessApplication in 4.389 seconds (JVM running for 5.419)
2022-04-06 00:22:56.093|[main]|INFO |c.n.b.BusinessApplicationTests-Starting BusinessApplicationTests using Java 1.8.0_322 on CommonRom-Laptop with PID 18552 (started by CommonRom in P:\JavaProject\NianNianProject)
2022-04-06 00:22:56.096|[main]|INFO |c.n.b.BusinessApplicationTests-No active profile set, falling back to 1 default profile: "default"
2022-04-06 00:23:01.057|[main]|INFO |c.n.b.BusinessApplicationTests-Started BusinessApplicationTests in 5.347 seconds (JVM running for 6.382)
2022-04-06 00:23:49.911|[main]|INFO |c.n.b.BusinessApplication-Starting BusinessApplication using Java 1.8.0_322 on CommonRom-Laptop with PID 25176 (P:\JavaProject\NianNianProject\target\classes started by CommonRom in P:\JavaProject\NianNianProject)
2022-04-06 00:23:49.914|[main]|INFO |c.n.b.BusinessApplication-No active profile set, falling back to 1 default profile: "default"
2022-04-06 00:24:08.000|[main]|INFO |c.n.b.BusinessApplication-Starting BusinessApplication using Java 1.8.0_322 on CommonRom-Laptop with PID 9232 (P:\JavaProject\NianNianProject\target\classes started by CommonRom in P:\JavaProject\NianNianProject)
2022-04-06 00:24:08.004|[main]|INFO |c.n.b.BusinessApplication-No active profile set, falling back to 1 default profile: "default"
2022-04-06 00:24:11.706|[main]|INFO |c.n.b.BusinessApplication-Started BusinessApplication in 4.298 seconds (JVM running for 5.395)
2022-04-06 00:25:09.869|[main]|INFO |c.n.b.BusinessApplication-Starting BusinessApplication using Java 1.8.0_322 on CommonRom-Laptop with PID 22008 (P:\JavaProject\NianNianProject\target\classes started by CommonRom in P:\JavaProject\NianNianProject)
2022-04-06 00:25:09.872|[main]|INFO |c.n.b.BusinessApplication-No active profile set, falling back to 1 default profile: "default"
2022-04-06 00:25:13.964|[main]|INFO |c.n.b.BusinessApplication-Started BusinessApplication in 4.608 seconds (JVM running for 5.715)
2022-04-06 00:25:31.565|[main]|INFO |c.n.b.BusinessApplication-Starting BusinessApplication using Java 1.8.0_322 on CommonRom-Laptop with PID 17536 (P:\JavaProject\NianNianProject\target\classes started by CommonRom in P:\JavaProject\NianNianProject)
2022-04-06 00:25:31.568|[main]|INFO |c.n.b.BusinessApplication-No active profile set, falling back to 1 default profile: "default"
2022-04-06 00:25:35.475|[main]|INFO |c.n.b.BusinessApplication-Started BusinessApplication in 4.452 seconds (JVM running for 5.531)
2022-04-06 00:29:14.020|[main]|INFO |c.n.b.BusinessApplication-Starting BusinessApplication using Java 1.8.0_322 on CommonRom-Laptop with PID 6344 (P:\JavaProject\NianNianProject\target\classes started by CommonRom in P:\JavaProject\NianNianProject)
2022-04-06 00:29:14.023|[main]|INFO |c.n.b.BusinessApplication-No active profile set, falling back to 1 default profile: "default"
2022-04-06 00:29:17.843|[main]|INFO |c.n.b.BusinessApplication-Started BusinessApplication in 4.369 seconds (JVM running for 5.468)
2022-04-06 00:30:49.038|[main]|INFO |c.n.b.BusinessApplicationTests-Starting BusinessApplicationTests using Java 1.8.0_322 on CommonRom-Laptop with PID 10348 (started by CommonRom in P:\JavaProject\NianNianProject)
2022-04-06 00:30:49.040|[main]|INFO |c.n.b.BusinessApplicationTests-No active profile set, falling back to 1 default profile: "default"
2022-04-06 00:30:54.622|[main]|INFO |c.n.b.BusinessApplicationTests-Started BusinessApplicationTests in 5.99 seconds (JVM running for 6.939)
2022-04-06 00:31:43.847|[main]|INFO |c.n.b.BusinessApplication-Starting BusinessApplication using Java 1.8.0_322 on CommonRom-Laptop with PID 10108 (P:\JavaProject\NianNianProject\target\classes started by CommonRom in P:\JavaProject\NianNianProject)
2022-04-06 00:31:43.850|[main]|INFO |c.n.b.BusinessApplication-No active profile set, falling back to 1 default profile: "default"
2022-04-06 00:31:47.834|[main]|INFO |c.n.b.BusinessApplication-Started BusinessApplication in 4.508 seconds (JVM running for 5.527)
2022-04-06 00:35:10.919|[main]|INFO |c.n.b.BusinessApplication-Starting BusinessApplication using Java 1.8.0_322 on CommonRom-Laptop with PID 7592 (P:\JavaProject\NianNianProject\target\classes started by CommonRom in P:\JavaProject\NianNianProject)
2022-04-06 00:35:10.921|[main]|INFO |c.n.b.BusinessApplication-No active profile set, falling back to 1 default profile: "default"
2022-04-06 00:35:13.937|[main]|INFO |c.n.b.BusinessApplication-Started BusinessApplication in 3.59 seconds (JVM running for 4.64)
2022-04-06 00:35:47.858|[main]|INFO |c.n.b.BusinessApplication-Starting BusinessApplication using Java 1.8.0_322 on CommonRom-Laptop with PID 20588 (P:\JavaProject\NianNianProject\target\classes started by CommonRom in P:\JavaProject\NianNianProject)
2022-04-06 00:35:47.861|[main]|INFO |c.n.b.BusinessApplication-No active profile set, falling back to 1 default profile: "default"
2022-04-06 00:35:50.970|[main]|INFO |c.n.b.BusinessApplication-Started BusinessApplication in 3.584 seconds (JVM running for 4.648)
2022-04-06 00:38:27.884|[main]|INFO |c.n.b.BusinessApplication-Starting BusinessApplication using Java 1.8.0_322 on CommonRom-Laptop with PID 22680 (P:\JavaProject\NianNianProject\target\classes started by CommonRom in P:\JavaProject\NianNianProject)
2022-04-06 00:38:27.888|[main]|INFO |c.n.b.BusinessApplication-No active profile set, falling back to 1 default profile: "default"
2022-04-06 00:38:31.127|[main]|INFO |c.n.b.BusinessApplication-Started BusinessApplication in 3.793 seconds (JVM running for 4.88)
2022-04-06 00:39:15.019|[main]|INFO |c.n.b.BusinessApplicationTests-Starting BusinessApplicationTests using Java 1.8.0_322 on CommonRom-Laptop with PID 5856 (started by CommonRom in P:\JavaProject\NianNianProject)
2022-04-06 00:39:15.021|[main]|INFO |c.n.b.BusinessApplicationTests-No active profile set, falling back to 1 default profile: "default"
2022-04-06 00:39:20.205|[main]|INFO |c.n.b.BusinessApplicationTests-Started BusinessApplicationTests in 5.586 seconds (JVM running for 6.676)
2022-04-06 00:39:41.650|[main]|INFO |c.n.b.BusinessApplicationTests-Starting BusinessApplicationTests using Java 1.8.0_322 on CommonRom-Laptop with PID 19796 (started by CommonRom in P:\JavaProject\NianNianProject)
2022-04-06 00:39:41.651|[main]|INFO |c.n.b.BusinessApplicationTests-No active profile set, falling back to 1 default profile: "default"
2022-04-06 00:39:46.477|[main]|INFO |c.n.b.BusinessApplicationTests-Started BusinessApplicationTests in 5.189 seconds (JVM running for 6.048)
2022-04-06 00:42:16.339|[main]|INFO |c.n.b.BusinessApplicationTests-Starting BusinessApplicationTests using Java 1.8.0_322 on CommonRom-Laptop with PID 25276 (started by CommonRom in P:\JavaProject\NianNianProject)
2022-04-06 00:42:16.340|[main]|INFO |c.n.b.BusinessApplicationTests-No active profile set, falling back to 1 default profile: "default"
2022-04-06 00:42:19.398|[main]|INFO |c.n.b.BusinessApplication-Starting BusinessApplication using Java 1.8.0_322 on CommonRom-Laptop with PID 6268 (P:\JavaProject\NianNianProject\target\classes started by CommonRom in P:\JavaProject\NianNianProject)
2022-04-06 00:42:19.400|[main]|INFO |c.n.b.BusinessApplication-No active profile set, falling back to 1 default profile: "default"
2022-04-06 00:42:22.500|[main]|INFO |c.n.b.BusinessApplicationTests-Started BusinessApplicationTests in 6.576 seconds (JVM running for 7.503)
2022-04-06 00:42:24.308|[main]|INFO |c.n.b.BusinessApplication-Started BusinessApplication in 5.62 seconds (JVM running for 6.163)
